<?xml version="1.0" encoding="UTF-8"?>
<!-- Generated by org.testng.reporters.JUnitReportReporter -->
<testsuite hostname="Venkats-MacBook-Pro.local" failures="0" tests="1" name="com.SeleniumPractice2023.VerifyTestNG" time="3.303" errors="0" timestamp="2023-02-13T16:46:14 EST" skipped="0">
  <testcase classname="com.SeleniumPractice2023.VerifyTestNG" name="googleSearch" time="3.303"/>
  <system-out/>
</testsuite> <!-- com.SeleniumPractice2023.VerifyTestNG -->
